<?xml version="1.0" encoding="UTF-8"?>
<testng-results ignored="0" total="1" passed="1" failed="0" skipped="0">
  <reporter-output>
  </reporter-output>
  <suite started-at="2022-10-06T16:31:14 IST" name="Default suite" finished-at="2022-10-06T16:31:23 IST" duration-ms="9142">
    <groups>
    </groups>
    <test started-at="2022-10-06T16:31:14 IST" name="Default test" finished-at="2022-10-06T16:31:23 IST" duration-ms="9142">
      <class name="TestCases.LoginButton">
        <test-method signature="validateLoginBtn()[pri:0, instance:TestCases.LoginButton@2df9b86]" started-at="2022-10-06T16:31:14 IST" name="validateLoginBtn" finished-at="2022-10-06T16:31:23 IST" duration-ms="9093" status="PASS">
          <reporter-output>
          </reporter-output>
        </test-method> <!-- validateLoginBtn -->
      </class> <!-- TestCases.LoginButton -->
    </test> <!-- Default test -->
  </suite> <!-- Default suite -->
</testng-results>
